[05/14/26 08:42:49] INFO     No custom team name replacements      _config.py:92
                             found. You can configure these in                  
                             /Users/rahul/soccerdata/config/teamna              
                             me_replacements.json.                              
                    INFO     No custom league dict found. You can _config.py:190
                             configure additional leagues in                    
                             /Users/rahul/soccerdata/config/leagu               
                             e_dict.json.                                       
[05/14/26 08:42:51] INFO     Saving cached data to                _common.py:250
                             /Users/rahul/soccerdata/data/WhoScor               
                             ed                                                 
[05/14/26 08:43:07] INFO     Retrieving calendar for            whoscored.py:366
                             GER-Bundesliga 2526                                
[05/14/26 08:43:19] INFO     [1/10] Retrieving fixtures for     whoscored.py:397
                             GER-Bundesliga 2526                                
[05/14/26 08:43:31] INFO     [2/10] Retrieving fixtures for     whoscored.py:397
                             GER-Bundesliga 2526                                
[05/14/26 08:43:39] INFO     [3/10] Retrieving fixtures for     whoscored.py:397
                             GER-Bundesliga 2526                                
[05/14/26 08:43:49] INFO     [4/10] Retrieving fixtures for     whoscored.py:397
                             GER-Bundesliga 2526                                
[05/14/26 08:44:01] INFO     [5/10] Retrieving fixtures for     whoscored.py:397
                             GER-Bundesliga 2526                                
[05/14/26 08:44:12] INFO     [6/10] Retrieving fixtures for     whoscored.py:397
                             GER-Bundesliga 2526                                
[05/14/26 08:44:22] INFO     [7/10] Retrieving fixtures for     whoscored.py:397
                             GER-Bundesliga 2526                                
[05/14/26 08:44:34] INFO     [8/10] Retrieving fixtures for     whoscored.py:397
                             GER-Bundesliga 2526                                
[05/14/26 08:44:45] INFO     [9/10] Retrieving fixtures for     whoscored.py:397
                             GER-Bundesliga 2526                                
[05/14/26 08:44:53] INFO     [10/10] Retrieving fixtures for    whoscored.py:397
                             GER-Bundesliga 2526                                
Bayern Munich: 33 completed matches in GER-Bundesliga 2025-2026
--- Bayern Munich vs RB Leipzig (2025-08-22 18:30:00+00:00) (match_id=1908319) ---
[05/14/26 08:45:12] INFO     Retrieving calendar for            whoscored.py:366
                             GER-Bundesliga 2526                                
[05/14/26 08:45:22] INFO     [1/10] Retrieving fixtures for     whoscored.py:397
                             GER-Bundesliga 2526                                
[05/14/26 08:45:32] INFO     [2/10] Retrieving fixtures for     whoscored.py:397
                             GER-Bundesliga 2526                                
[05/14/26 08:45:43] INFO     [3/10] Retrieving fixtures for     whoscored.py:397
                             GER-Bundesliga 2526                                
[05/14/26 08:45:53] INFO     [4/10] Retrieving fixtures for     whoscored.py:397
                             GER-Bundesliga 2526                                
[05/14/26 08:46:02] INFO     [5/10] Retrieving fixtures for     whoscored.py:397
                             GER-Bundesliga 2526                                
[05/14/26 08:46:13] INFO     [6/10] Retrieving fixtures for     whoscored.py:397
                             GER-Bundesliga 2526                                
[05/14/26 08:46:25] INFO     [7/10] Retrieving fixtures for     whoscored.py:397
                             GER-Bundesliga 2526                                
[05/14/26 08:46:34] INFO     [8/10] Retrieving fixtures for     whoscored.py:397
                             GER-Bundesliga 2526                                
[05/14/26 08:46:44] INFO     [9/10] Retrieving fixtures for     whoscored.py:397
                             GER-Bundesliga 2526                                
[05/14/26 08:46:53] INFO     [10/10] Retrieving fixtures for    whoscored.py:397
                             GER-Bundesliga 2526                                
[05/14/26 08:47:04] INFO     [1/1] Retrieving game with         whoscored.py:689
                             id=1908319                                         
                    WARNING  /Users/rahul/Desktop/xt-pipeline/.v warnings.py:112
                             env/lib/python3.12/site-packages/so                
                             cceraction/spadl/opta.py:220:                      
                             FutureWarning: Downcasting object                  
                             dtype arrays on .fillna, .ffill,                   
                             .bfill is deprecated and will                      
                             change in a future version. Call                   
                             result.infer_objects(copy=False)                   
                             instead. To opt-in to the future                   
                             behavior, set                                      
                             `pd.set_option('future.no_silent_do                
                             wncasting', True)`                                 
                               ).bfill()                                        
                                                                                
--- Augsburg vs Bayern Munich (2025-08-30 16:30:00+00:00) (match_id=1910611) ---
[05/14/26 08:47:18] INFO     Retrieving calendar for            whoscored.py:366
                             GER-Bundesliga 2526                                
[05/14/26 08:47:29] INFO     [1/10] Retrieving fixtures for     whoscored.py:397
                             GER-Bundesliga 2526                                
[05/14/26 08:47:40] INFO     [2/10] Retrieving fixtures for     whoscored.py:397
                             GER-Bundesliga 2526                                
[05/14/26 08:47:51] INFO     [3/10] Retrieving fixtures for     whoscored.py:397
                             GER-Bundesliga 2526                                
[05/14/26 08:48:02] INFO     [4/10] Retrieving fixtures for     whoscored.py:397
                             GER-Bundesliga 2526                                
[05/14/26 08:48:14] INFO     [5/10] Retrieving fixtures for     whoscored.py:397
                             GER-Bundesliga 2526                                
[05/14/26 08:48:24] INFO     [6/10] Retrieving fixtures for     whoscored.py:397
                             GER-Bundesliga 2526                                
[05/14/26 08:48:32] INFO     [7/10] Retrieving fixtures for     whoscored.py:397
                             GER-Bundesliga 2526                                
[05/14/26 08:48:40] INFO     [8/10] Retrieving fixtures for     whoscored.py:397
                             GER-Bundesliga 2526                                
[05/14/26 08:48:49] INFO     [9/10] Retrieving fixtures for     whoscored.py:397
                             GER-Bundesliga 2526                                
[05/14/26 08:48:58] INFO     [10/10] Retrieving fixtures for    whoscored.py:397
                             GER-Bundesliga 2526                                
[05/14/26 08:49:08] INFO     [1/1] Retrieving game with         whoscored.py:689
                             id=1910611                                         
                    WARNING  /Users/rahul/Desktop/xt-pipeline/.v warnings.py:112
                             env/lib/python3.12/site-packages/so                
                             cceraction/spadl/opta.py:220:                      
                             FutureWarning: Downcasting object                  
                             dtype arrays on .fillna, .ffill,                   
                             .bfill is deprecated and will                      
                             change in a future version. Call                   
                             result.infer_objects(copy=False)                   
                             instead. To opt-in to the future                   
                             behavior, set                                      
                             `pd.set_option('future.no_silent_do                
                             wncasting', True)`                                 
                               ).bfill()                                        
                                                                                
--- Bayern Munich vs Hamburger SV (2025-09-13 16:30:00+00:00) (match_id=1910615) ---
[05/14/26 08:49:19] INFO     Retrieving calendar for            whoscored.py:366
                             GER-Bundesliga 2526                                
[05/14/26 08:49:31] INFO     [1/10] Retrieving fixtures for     whoscored.py:397
                             GER-Bundesliga 2526                                
[05/14/26 08:49:39] INFO     [2/10] Retrieving fixtures for     whoscored.py:397
                             GER-Bundesliga 2526                                
[05/14/26 08:49:53] INFO     [3/10] Retrieving fixtures for     whoscored.py:397
                             GER-Bundesliga 2526                                
[05/14/26 08:50:03] INFO     [4/10] Retrieving fixtures for     whoscored.py:397
                             GER-Bundesliga 2526                                
[05/14/26 08:50:13] INFO     [5/10] Retrieving fixtures for     whoscored.py:397
                             GER-Bundesliga 2526                                
[05/14/26 08:50:24] INFO     [6/10] Retrieving fixtures for     whoscored.py:397
                             GER-Bundesliga 2526                                
[05/14/26 08:50:37] INFO     [7/10] Retrieving fixtures for     whoscored.py:397
                             GER-Bundesliga 2526                                
[05/14/26 08:50:45] INFO     [8/10] Retrieving fixtures for     whoscored.py:397
                             GER-Bundesliga 2526                                
[05/14/26 08:50:57] INFO     [9/10] Retrieving fixtures for     whoscored.py:397
                             GER-Bundesliga 2526                                
[05/14/26 08:51:19] INFO     Retrieving calendar for            whoscored.py:366
                             GER-Bundesliga 2526                                
[05/14/26 08:51:32] INFO     [1/10] Retrieving fixtures for     whoscored.py:397
                             GER-Bundesliga 2526                                
[05/14/26 08:51:42] INFO     [2/10] Retrieving fixtures for     whoscored.py:397
                             GER-Bundesliga 2526                                
[05/14/26 08:51:51] INFO     [3/10] Retrieving fixtures for     whoscored.py:397
                             GER-Bundesliga 2526                                
[05/14/26 08:52:03] INFO     [4/10] Retrieving fixtures for     whoscored.py:397
                             GER-Bundesliga 2526                                
[05/14/26 08:52:15] INFO     [5/10] Retrieving fixtures for     whoscored.py:397
                             GER-Bundesliga 2526                                
[05/14/26 08:52:26] INFO     [6/10] Retrieving fixtures for     whoscored.py:397
                             GER-Bundesliga 2526                                
[05/14/26 08:52:35] INFO     [7/10] Retrieving fixtures for     whoscored.py:397
                             GER-Bundesliga 2526                                
[05/14/26 08:52:44] INFO     [8/10] Retrieving fixtures for     whoscored.py:397
                             GER-Bundesliga 2526                                
[05/14/26 08:52:56] INFO     [9/10] Retrieving fixtures for     whoscored.py:397
                             GER-Bundesliga 2526                                
[05/14/26 08:53:04] INFO     [10/10] Retrieving fixtures for    whoscored.py:397
                             GER-Bundesliga 2526                                
[05/14/26 08:53:28] INFO     [1/1] Retrieving game with         whoscored.py:689
                             id=1910615                                         
                    WARNING  /Users/rahul/Desktop/xt-pipeline/.v warnings.py:112
                             env/lib/python3.12/site-packages/so                
                             cceraction/spadl/opta.py:220:                      
                             FutureWarning: Downcasting object                  
                             dtype arrays on .fillna, .ffill,                   
                             .bfill is deprecated and will                      
                             change in a future version. Call                   
                             result.infer_objects(copy=False)                   
                             instead. To opt-in to the future                   
                             behavior, set                                      
                             `pd.set_option('future.no_silent_do                
                             wncasting', True)`                                 
                               ).bfill()                                        
                                                                                
--- Hoffenheim vs Bayern Munich (2025-09-20 13:30:00+00:00) (match_id=1910637) ---
[05/14/26 08:53:37] INFO     Retrieving calendar for            whoscored.py:366
                             GER-Bundesliga 2526                                
[05/14/26 08:54:06] INFO     [1/10] Retrieving fixtures for     whoscored.py:397
                             GER-Bundesliga 2526                                
[05/14/26 08:54:14] INFO     [2/10] Retrieving fixtures for     whoscored.py:397
                             GER-Bundesliga 2526                                
[05/14/26 08:54:27] INFO     [3/10] Retrieving fixtures for     whoscored.py:397
                             GER-Bundesliga 2526                                
[05/14/26 08:54:38] INFO     [4/10] Retrieving fixtures for     whoscored.py:397
                             GER-Bundesliga 2526                                
[05/14/26 08:54:48] INFO     [5/10] Retrieving fixtures for     whoscored.py:397
                             GER-Bundesliga 2526                                
[05/14/26 08:54:58] INFO     [6/10] Retrieving fixtures for     whoscored.py:397
                             GER-Bundesliga 2526                                
[05/14/26 08:55:06] INFO     [7/10] Retrieving fixtures for     whoscored.py:397
                             GER-Bundesliga 2526                                
[05/14/26 08:55:15] INFO     [8/10] Retrieving fixtures for     whoscored.py:397
                             GER-Bundesliga 2526                                
[05/14/26 08:55:26] INFO     [9/10] Retrieving fixtures for     whoscored.py:397
                             GER-Bundesliga 2526                                
[05/14/26 08:55:44] INFO     [10/10] Retrieving fixtures for    whoscored.py:397
                             GER-Bundesliga 2526                                
[05/14/26 08:55:53] INFO     [1/1] Retrieving game with         whoscored.py:689
                             id=1910637                                         
                    WARNING  /Users/rahul/Desktop/xt-pipeline/.v warnings.py:112
                             env/lib/python3.12/site-packages/so                
                             cceraction/spadl/opta.py:220:                      
                             FutureWarning: Downcasting object                  
                             dtype arrays on .fillna, .ffill,                   
                             .bfill is deprecated and will                      
                             change in a future version. Call                   
                             result.infer_objects(copy=False)                   
                             instead. To opt-in to the future                   
                             behavior, set                                      
                             `pd.set_option('future.no_silent_do                
                             wncasting', True)`                                 
                               ).bfill()                                        
                                                                                
--- Bayern Munich vs Werder Bremen (2025-09-26 18:30:00+00:00) (match_id=1910645) ---
[05/14/26 08:56:03] INFO     Retrieving calendar for            whoscored.py:366
                             GER-Bundesliga 2526                                
[05/14/26 08:56:11] INFO     [1/10] Retrieving fixtures for     whoscored.py:397
                             GER-Bundesliga 2526                                
[05/14/26 08:56:22] INFO     [2/10] Retrieving fixtures for     whoscored.py:397
                             GER-Bundesliga 2526                                
[05/14/26 08:56:34] INFO     [3/10] Retrieving fixtures for     whoscored.py:397
                             GER-Bundesliga 2526                                
[05/14/26 08:56:46] INFO     [4/10] Retrieving fixtures for     whoscored.py:397
                             GER-Bundesliga 2526                                
[05/14/26 08:56:59] INFO     [5/10] Retrieving fixtures for     whoscored.py:397
                             GER-Bundesliga 2526                                
[05/14/26 08:57:11] INFO     [6/10] Retrieving fixtures for     whoscored.py:397
                             GER-Bundesliga 2526                                
[05/14/26 08:57:22] INFO     [7/10] Retrieving fixtures for     whoscored.py:397
                             GER-Bundesliga 2526                                
[05/14/26 08:57:31] INFO     [8/10] Retrieving fixtures for     whoscored.py:397
                             GER-Bundesliga 2526                                
[05/14/26 08:57:39] INFO     [9/10] Retrieving fixtures for     whoscored.py:397
                             GER-Bundesliga 2526                                
[05/14/26 08:57:49] INFO     [10/10] Retrieving fixtures for    whoscored.py:397
                             GER-Bundesliga 2526                                
[05/14/26 08:58:02] INFO     [1/1] Retrieving game with         whoscored.py:689
                             id=1910645                                         
                    WARNING  /Users/rahul/Desktop/xt-pipeline/.v warnings.py:112
                             env/lib/python3.12/site-packages/so                
                             cceraction/spadl/opta.py:220:                      
                             FutureWarning: Downcasting object                  
                             dtype arrays on .fillna, .ffill,                   
                             .bfill is deprecated and will                      
                             change in a future version. Call                   
                             result.infer_objects(copy=False)                   
                             instead. To opt-in to the future                   
                             behavior, set                                      
                             `pd.set_option('future.no_silent_do                
                             wncasting', True)`                                 
                               ).bfill()                                        
                                                                                
--- Eintracht Frankfurt vs Bayern Munich (2025-10-04 16:30:00+00:00) (match_id=1910628) ---
[05/14/26 08:58:14] INFO     Retrieving calendar for            whoscored.py:366
                             GER-Bundesliga 2526                                
[05/14/26 08:58:24] INFO     [1/10] Retrieving fixtures for     whoscored.py:397
                             GER-Bundesliga 2526                                
[05/14/26 08:58:36] INFO     [2/10] Retrieving fixtures for     whoscored.py:397
                             GER-Bundesliga 2526                                
[05/14/26 08:58:48] INFO     [3/10] Retrieving fixtures for     whoscored.py:397
                             GER-Bundesliga 2526                                
[05/14/26 08:58:57] INFO     [4/10] Retrieving fixtures for     whoscored.py:397
                             GER-Bundesliga 2526                                
[05/14/26 08:59:08] INFO     [5/10] Retrieving fixtures for     whoscored.py:397
                             GER-Bundesliga 2526                                
[05/14/26 08:59:19] INFO     [6/10] Retrieving fixtures for     whoscored.py:397
                             GER-Bundesliga 2526                                
[05/14/26 08:59:31] INFO     [7/10] Retrieving fixtures for     whoscored.py:397
                             GER-Bundesliga 2526                                
[05/14/26 08:59:41] INFO     [8/10] Retrieving fixtures for     whoscored.py:397
                             GER-Bundesliga 2526                                
[05/14/26 08:59:49] INFO     [9/10] Retrieving fixtures for     whoscored.py:397
                             GER-Bundesliga 2526                                
[05/14/26 08:59:59] INFO     [10/10] Retrieving fixtures for    whoscored.py:397
                             GER-Bundesliga 2526                                
[05/14/26 09:00:11] INFO     [1/1] Retrieving game with         whoscored.py:689
                             id=1910628                                         
                    WARNING  /Users/rahul/Desktop/xt-pipeline/.v warnings.py:112
                             env/lib/python3.12/site-packages/so                
                             cceraction/spadl/opta.py:220:                      
                             FutureWarning: Downcasting object                  
                             dtype arrays on .fillna, .ffill,                   
                             .bfill is deprecated and will                      
                             change in a future version. Call                   
                             result.infer_objects(copy=False)                   
                             instead. To opt-in to the future                   
                             behavior, set                                      
                             `pd.set_option('future.no_silent_do                
                             wncasting', True)`                                 
                               ).bfill()                                        
                                                                                
--- Bayern Munich vs Borussia Dortmund (2025-10-18 16:30:00+00:00) (match_id=1910670) ---
[05/14/26 09:00:23] INFO     Retrieving calendar for            whoscored.py:366
                             GER-Bundesliga 2526                                
[05/14/26 09:00:31] INFO     [1/10] Retrieving fixtures for     whoscored.py:397
                             GER-Bundesliga 2526                                
[05/14/26 09:00:42] INFO     [2/10] Retrieving fixtures for     whoscored.py:397
                             GER-Bundesliga 2526                                
[05/14/26 09:00:53] INFO     [3/10] Retrieving fixtures for     whoscored.py:397
                             GER-Bundesliga 2526                                
[05/14/26 09:01:03] INFO     [4/10] Retrieving fixtures for     whoscored.py:397
                             GER-Bundesliga 2526                                
[05/14/26 09:01:14] INFO     [5/10] Retrieving fixtures for     whoscored.py:397
                             GER-Bundesliga 2526                                
[05/14/26 09:01:23] INFO     [6/10] Retrieving fixtures for     whoscored.py:397
                             GER-Bundesliga 2526                                
[05/14/26 09:01:34] INFO     [7/10] Retrieving fixtures for     whoscored.py:397
                             GER-Bundesliga 2526                                
[05/14/26 09:02:00] INFO     Retrieving calendar for            whoscored.py:366
                             GER-Bundesliga 2526                                
[05/14/26 09:02:09] INFO     [1/10] Retrieving fixtures for     whoscored.py:397
                             GER-Bundesliga 2526                                
[05/14/26 09:02:22] INFO     [2/10] Retrieving fixtures for     whoscored.py:397
                             GER-Bundesliga 2526                                
[05/14/26 09:02:33] INFO     [3/10] Retrieving fixtures for     whoscored.py:397
                             GER-Bundesliga 2526                                
[05/14/26 09:02:42] INFO     [4/10] Retrieving fixtures for     whoscored.py:397
                             GER-Bundesliga 2526                                
[05/14/26 09:02:53] INFO     [5/10] Retrieving fixtures for     whoscored.py:397
                             GER-Bundesliga 2526                                
[05/14/26 09:03:03] INFO     [6/10] Retrieving fixtures for     whoscored.py:397
                             GER-Bundesliga 2526                                
[05/14/26 09:03:13] INFO     [7/10] Retrieving fixtures for     whoscored.py:397
                             GER-Bundesliga 2526                                
[05/14/26 09:03:24] INFO     [8/10] Retrieving fixtures for     whoscored.py:397
                             GER-Bundesliga 2526                                
[05/14/26 09:03:34] INFO     [9/10] Retrieving fixtures for     whoscored.py:397
                             GER-Bundesliga 2526                                
[05/14/26 09:03:43] INFO     [10/10] Retrieving fixtures for    whoscored.py:397
                             GER-Bundesliga 2526                                
[05/14/26 09:03:52] INFO     [1/1] Retrieving game with         whoscored.py:689
                             id=1910670                                         
                    WARNING  /Users/rahul/Desktop/xt-pipeline/.v warnings.py:112
                             env/lib/python3.12/site-packages/so                
                             cceraction/spadl/opta.py:220:                      
                             FutureWarning: Downcasting object                  
                             dtype arrays on .fillna, .ffill,                   
                             .bfill is deprecated and will                      
                             change in a future version. Call                   
                             result.infer_objects(copy=False)                   
                             instead. To opt-in to the future                   
                             behavior, set                                      
                             `pd.set_option('future.no_silent_do                
                             wncasting', True)`                                 
                               ).bfill()                                        
                                                                                
--- Borussia M.Gladbach vs Bayern Munich (2025-10-25 13:45:00+00:00) (match_id=1910696) ---
[05/14/26 09:04:05] INFO     Retrieving calendar for            whoscored.py:366
                             GER-Bundesliga 2526                                
[05/14/26 09:04:13] INFO     [1/10] Retrieving fixtures for     whoscored.py:397
                             GER-Bundesliga 2526                                
[05/14/26 09:04:24] INFO     [2/10] Retrieving fixtures for     whoscored.py:397
                             GER-Bundesliga 2526                                
[05/14/26 09:04:35] INFO     [3/10] Retrieving fixtures for     whoscored.py:397
                             GER-Bundesliga 2526                                
[05/14/26 09:04:45] INFO     [4/10] Retrieving fixtures for     whoscored.py:397
                             GER-Bundesliga 2526                                
[05/14/26 09:04:58] INFO     [5/10] Retrieving fixtures for     whoscored.py:397
                             GER-Bundesliga 2526                                
[05/14/26 09:05:10] INFO     [6/10] Retrieving fixtures for     whoscored.py:397
                             GER-Bundesliga 2526                                
[05/14/26 09:05:23] INFO     [7/10] Retrieving fixtures for     whoscored.py:397
                             GER-Bundesliga 2526                                
[05/14/26 09:05:33] INFO     [8/10] Retrieving fixtures for     whoscored.py:397
                             GER-Bundesliga 2526                                
[05/14/26 09:05:41] INFO     [9/10] Retrieving fixtures for     whoscored.py:397
                             GER-Bundesliga 2526                                
[05/14/26 09:05:49] INFO     [10/10] Retrieving fixtures for    whoscored.py:397
                             GER-Bundesliga 2526                                
[05/14/26 09:05:59] INFO     [1/1] Retrieving game with         whoscored.py:689
                             id=1910696                                         
                    WARNING  /Users/rahul/Desktop/xt-pipeline/.v warnings.py:112
                             env/lib/python3.12/site-packages/so                
                             cceraction/spadl/opta.py:220:                      
                             FutureWarning: Downcasting object                  
                             dtype arrays on .fillna, .ffill,                   
                             .bfill is deprecated and will                      
                             change in a future version. Call                   
                             result.infer_objects(copy=False)                   
                             instead. To opt-in to the future                   
                             behavior, set                                      
                             `pd.set_option('future.no_silent_do                
                             wncasting', True)`                                 
                               ).bfill()                                        
                                                                                
--- Bayern Munich vs Bayer Leverkusen (2025-11-01 17:30:00+00:00) (match_id=1910712) ---
[05/14/26 09:06:12] INFO     Retrieving calendar for            whoscored.py:366
                             GER-Bundesliga 2526                                
[05/14/26 09:06:24] INFO     [1/10] Retrieving fixtures for     whoscored.py:397
                             GER-Bundesliga 2526                                
[05/14/26 09:06:35] INFO     [2/10] Retrieving fixtures for     whoscored.py:397
                             GER-Bundesliga 2526                                
[05/14/26 09:06:45] INFO     [3/10] Retrieving fixtures for     whoscored.py:397
                             GER-Bundesliga 2526                                
[05/14/26 09:06:56] INFO     [4/10] Retrieving fixtures for     whoscored.py:397
                             GER-Bundesliga 2526                                
[05/14/26 09:07:07] INFO     [5/10] Retrieving fixtures for     whoscored.py:397
                             GER-Bundesliga 2526                                
[05/14/26 09:07:18] INFO     [6/10] Retrieving fixtures for     whoscored.py:397
                             GER-Bundesliga 2526                                
[05/14/26 09:07:30] INFO     [7/10] Retrieving fixtures for     whoscored.py:397
                             GER-Bundesliga 2526                                
[05/14/26 09:07:40] INFO     [8/10] Retrieving fixtures for     whoscored.py:397
                             GER-Bundesliga 2526                                
[05/14/26 09:07:50] INFO     [9/10] Retrieving fixtures for     whoscored.py:397
                             GER-Bundesliga 2526                                
[05/14/26 09:08:02] INFO     [10/10] Retrieving fixtures for    whoscored.py:397
                             GER-Bundesliga 2526                                
[05/14/26 09:08:14] INFO     [1/1] Retrieving game with         whoscored.py:689
                             id=1910712                                         
                    WARNING  /Users/rahul/Desktop/xt-pipeline/.v warnings.py:112
                             env/lib/python3.12/site-packages/so                
                             cceraction/spadl/opta.py:220:                      
                             FutureWarning: Downcasting object                  
                             dtype arrays on .fillna, .ffill,                   
                             .bfill is deprecated and will                      
                             change in a future version. Call                   
                             result.infer_objects(copy=False)                   
                             instead. To opt-in to the future                   
                             behavior, set                                      
                             `pd.set_option('future.no_silent_do                
                             wncasting', True)`                                 
                               ).bfill()                                        
                                                                                
--- Union Berlin vs Bayern Munich (2025-11-08 14:30:00+00:00) (match_id=1910742) ---
[05/14/26 09:08:25] INFO     Retrieving calendar for            whoscored.py:366
                             GER-Bundesliga 2526                                
[05/14/26 09:08:34] INFO     [1/10] Retrieving fixtures for     whoscored.py:397
                             GER-Bundesliga 2526                                
[05/14/26 09:08:46] INFO     [2/10] Retrieving fixtures for     whoscored.py:397
                             GER-Bundesliga 2526                                
[05/14/26 09:08:55] INFO     [3/10] Retrieving fixtures for     whoscored.py:397
                             GER-Bundesliga 2526                                
[05/14/26 09:09:06] INFO     [4/10] Retrieving fixtures for     whoscored.py:397
                             GER-Bundesliga 2526                                
[05/14/26 09:09:16] INFO     [5/10] Retrieving fixtures for     whoscored.py:397
                             GER-Bundesliga 2526                                
[05/14/26 09:09:26] INFO     [6/10] Retrieving fixtures for     whoscored.py:397
                             GER-Bundesliga 2526                                
[05/14/26 09:09:35] INFO     [7/10] Retrieving fixtures for     whoscored.py:397
                             GER-Bundesliga 2526                                
[05/14/26 09:09:44] INFO     [8/10] Retrieving fixtures for     whoscored.py:397
                             GER-Bundesliga 2526                                
[05/14/26 09:09:54] INFO     [9/10] Retrieving fixtures for     whoscored.py:397
                             GER-Bundesliga 2526                                
